<?xml version="1.0" encoding="UTF-8"?>
<!-- Generated by org.testng.reporters.JUnitReportReporter -->
<testsuite hostname="DESKTOP-EP2S4TU" failures="0" tests="6" name="testcases.RegisterPageTest" time="125.179" errors="0" timestamp="2022-09-28T11:02:13 IST" skipped="0">
  <testcase classname="testcases.RegisterPageTest" name="validateRegisterNavigationLink" time="14.329"/>
  <system-out/>
  <testcase classname="testcases.RegisterPageTest" name="validateErrorMessageOnRegisterButtonClick" time="15.149"/>
  <system-out/>
  <testcase classname="testcases.RegisterPageTest" name="validateRegisterAccount" time="15.857"/>
  <system-out/>
  <testcase classname="testcases.RegisterPageTest" name="validateEmailAlreadyExistsErrorMessage" time="29.859"/>
  <system-out/>
  <testcase classname="testcases.RegisterPageTest" name="validatePasswordMismatchErrorMessage" time="15.506"/>
  <system-out/>
  <testcase classname="testcases.RegisterPageTest" name="validateLocaleDropdownValueTextRegisterPage" time="34.479"/>
  <system-out/>
</testsuite> <!-- testcases.RegisterPageTest -->
